[debug] [2020-02-14T05:28:19.104Z] ----------------------------------------------------------------------
[debug] [2020-02-14T05:28:19.111Z] Command:       C:\Program Files\nodejs\node.exe C:\Users\camir\AppData\Roaming\npm\node_modules\firebase-tools\lib\bin\firebase.js serve
[debug] [2020-02-14T05:28:19.112Z] CLI Version:   7.12.1
[debug] [2020-02-14T05:28:19.112Z] Platform:      win32
[debug] [2020-02-14T05:28:19.112Z] Node Version:  v12.11.1
[debug] [2020-02-14T05:28:19.119Z] Time:          Fri Feb 14 2020 02:28:19 GMT-0300 (Chile Summer Time)
[debug] [2020-02-14T05:28:19.119Z] ----------------------------------------------------------------------
[debug] [2020-02-14T05:28:19.120Z] 
[debug] [2020-02-14T05:28:19.170Z] > command requires scopes: ["email","openid","https://www.googleapis.com/auth/cloudplatformprojects.readonly","https://www.googleapis.com/auth/firebase","https://www.googleapis.com/auth/cloud-platform"]
[debug] [2020-02-14T05:28:19.173Z] > authorizing via signed-in user
[debug] [2020-02-14T05:28:19.173Z] [iam] checking project sketchbook-bcd7a for permissions ["firebase.projects.get"]
[debug] [2020-02-14T05:28:19.179Z] > refreshing access token with scopes: ["email","https://www.googleapis.com/auth/cloud-platform","https://www.googleapis.com/auth/cloudplatformprojects.readonly","https://www.googleapis.com/auth/firebase","openid"]
[debug] [2020-02-14T05:28:19.180Z] >>> HTTP REQUEST POST https://www.googleapis.com/oauth2/v3/token  
 <request body omitted>
[debug] [2020-02-14T05:28:19.316Z] <<< HTTP RESPONSE 200
[debug] [2020-02-14T05:28:19.334Z] >>> HTTP REQUEST POST https://cloudresourcemanager.googleapis.com/v1/projects/sketchbook-bcd7a:testIamPermissions  

[debug] [2020-02-14T05:28:20.598Z] <<< HTTP RESPONSE 200
[debug] [2020-02-14T05:28:20.601Z] >>> HTTP REQUEST GET https://firebase.googleapis.com/v1beta1/projects/sketchbook-bcd7a  
 
[debug] [2020-02-14T05:28:21.946Z] <<< HTTP RESPONSE 200
[info] 
[info] === Serving from 'C:\Users\camir\OneDrive\Desktop\SCL012-Social-Network-master'...
[info] 
[debug] [2020-02-14T05:28:21.961Z] >>> HTTP REQUEST GET https://firebase.googleapis.com/v1beta1/projects/sketchbook-bcd7a/webApps/-/config  
 
[debug] [2020-02-14T05:28:23.788Z] <<< HTTP RESPONSE 200
[info] i  hosting: Serving hosting files from: src
[info] +  hosting: Local server: http://localhost:5000
[warn] !  Your requested "node" version "8" doesn't match your global version "12"
[info] +  functions: Emulator started at http://localhost:5001
[info] i  functions: Watching "C:\Users\camir\OneDrive\Desktop\SCL012-Social-Network-master\functions" for Cloud Functions...
[debug] [2020-02-14T05:28:24.563Z] [worker-pool] addWorker(~diagnostic~)
[debug] [2020-02-14T05:28:24.563Z] [worker-pool] Adding worker with key ~diagnostic~, total=1
[debug] [2020-02-14T05:28:24.564Z] [worker-pool] submitWork(triggerId=)
[debug] [2020-02-14T05:28:24.565Z] [worker-~diagnostic~-50dca143-02bf-4c81-ba37-1bdbe42b244d]: Assigning socketPath: \\?\pipe\C:\Users\camir\OneDrive\Desktop\SCL012-Social-Network-master\functions\31076
[debug] [2020-02-14T05:28:24.566Z] [worker-~diagnostic~-50dca143-02bf-4c81-ba37-1bdbe42b244d]: BUSY
[debug] [2020-02-14T05:28:26.019Z] [runtime-status] [31076] Functions runtime initialized. {"cwd":"C:\\Users\\camir\\OneDrive\\Desktop\\SCL012-Social-Network-master\\functions","node_version":"12.11.1"}
[debug] [2020-02-14T05:28:26.022Z] [runtime-status] [31076] Disabled runtime features: {"functions_config_helper":true,"network_filtering":true,"timeout":true,"memory_limiting":true,"admin_stubs":true,"pubsub_emulator":true}
[debug] [2020-02-14T05:28:26.041Z] [runtime-status] [31076] Resolved module firebase-admin {"declared":true,"installed":true,"version":"8.9.2","resolution":"C:\\Users\\camir\\OneDrive\\Desktop\\SCL012-Social-Network-master\\functions\\node_modules\\firebase-admin\\lib\\index.js"}
[debug] [2020-02-14T05:28:26.051Z] [runtime-status] [31076] Resolved module firebase-functions {"declared":true,"installed":true,"version":"3.3.0","resolution":"C:\\Users\\camir\\OneDrive\\Desktop\\SCL012-Social-Network-master\\functions\\node_modules\\firebase-functions\\lib\\index.js"}
[debug] [2020-02-14T05:28:26.055Z] [runtime-status] [31076] Resolved module firebase-functions {"declared":true,"installed":true,"version":"3.3.0","resolution":"C:\\Users\\camir\\OneDrive\\Desktop\\SCL012-Social-Network-master\\functions\\node_modules\\firebase-functions\\lib\\index.js"}
[debug] [2020-02-14T05:28:26.278Z] [worker-~diagnostic~-50dca143-02bf-4c81-ba37-1bdbe42b244d]: IDLE
